The system is: Linux - 4.19.97-v7+ - armv7l
Compiling the C compiler identification source file "CMakeCCompilerId.c" succeeded.
Compiler: /usr/bin/clang 
Build flags: 
Id flags:  

The output was:
0


Compilation of the C compiler identification source "CMakeCCompilerId.c" produced "a.out"

The C compiler identification is Clang, found in "/home/pi/Chaotic/cpp/CMakeFiles/3.13.4/CompilerIdC/a.out"

Compiling the CXX compiler identification source file "CMakeCXXCompilerId.cpp" succeeded.
Compiler: /usr/bin/c++ 
Build flags: 
Id flags:  

The output was:
0


Compilation of the CXX compiler identification source "CMakeCXXCompilerId.cpp" produced "a.out"

The CXX compiler identification is GNU, found in "/home/pi/Chaotic/cpp/CMakeFiles/3.13.4/CompilerIdCXX/a.out"

Determining if the C compiler works passed with the following output:
Change Dir: /home/pi/Chaotic/cpp/CMakeFiles/CMakeTmp

Run Build Command:"/usr/bin/make" "cmTC_85d2f/fast"
/usr/bin/make -f CMakeFiles/cmTC_85d2f.dir/build.make CMakeFiles/cmTC_85d2f.dir/build
make[1]: Entering directory '/home/pi/Chaotic/cpp/CMakeFiles/CMakeTmp'
Building C object CMakeFiles/cmTC_85d2f.dir/testCCompiler.c.o
/usr/bin/clang    -o CMakeFiles/cmTC_85d2f.dir/testCCompiler.c.o   -c /home/pi/Chaotic/cpp/CMakeFiles/CMakeTmp/testCCompiler.c
Linking C executable cmTC_85d2f
/usr/bin/cmake -E cmake_link_script CMakeFiles/cmTC_85d2f.dir/link.txt --verbose=1
/usr/bin/clang      CMakeFiles/cmTC_85d2f.dir/testCCompiler.c.o  -o cmTC_85d2f 
make[1]: Leaving directory '/home/pi/Chaotic/cpp/CMakeFiles/CMakeTmp'


Detecting C compiler ABI info compiled with the following output:
Change Dir: /home/pi/Chaotic/cpp/CMakeFiles/CMakeTmp

Run Build Command:"/usr/bin/make" "cmTC_5c196/fast"
/usr/bin/make -f CMakeFiles/cmTC_5c196.dir/build.make CMakeFiles/cmTC_5c196.dir/build
make[1]: Entering directory '/home/pi/Chaotic/cpp/CMakeFiles/CMakeTmp'
Building C object CMakeFiles/cmTC_5c196.dir/CMakeCCompilerABI.c.o
/usr/bin/clang    -o CMakeFiles/cmTC_5c196.dir/CMakeCCompilerABI.c.o   -c /usr/share/cmake-3.13/Modules/CMakeCCompilerABI.c
Linking C executable cmTC_5c196
/usr/bin/cmake -E cmake_link_script CMakeFiles/cmTC_5c196.dir/link.txt --verbose=1
/usr/bin/clang     -v CMakeFiles/cmTC_5c196.dir/CMakeCCompilerABI.c.o  -o cmTC_5c196 
clang version 7.0.1-8+rpi3 (tags/RELEASE_701/final)
Target: armv6k-unknown-linux-gnueabihf
Thread model: posix
InstalledDir: /usr/bin
Found candidate GCC installation: /usr/bin/../lib/gcc/arm-linux-gnueabihf/4.9
Found candidate GCC installation: /usr/bin/../lib/gcc/arm-linux-gnueabihf/4.9.4
Found candidate GCC installation: /usr/bin/../lib/gcc/arm-linux-gnueabihf/5
Found candidate GCC installation: /usr/bin/../lib/gcc/arm-linux-gnueabihf/5.5.0
Found candidate GCC installation: /usr/bin/../lib/gcc/arm-linux-gnueabihf/6
Found candidate GCC installation: /usr/bin/../lib/gcc/arm-linux-gnueabihf/6.5.0
Found candidate GCC installation: /usr/bin/../lib/gcc/arm-linux-gnueabihf/7
Found candidate GCC installation: /usr/bin/../lib/gcc/arm-linux-gnueabihf/7.3.0
Found candidate GCC installation: /usr/bin/../lib/gcc/arm-linux-gnueabihf/8
Found candidate GCC installation: /usr/lib/gcc/arm-linux-gnueabihf/4.9
Found candidate GCC installation: /usr/lib/gcc/arm-linux-gnueabihf/4.9.4
Found candidate GCC installation: /usr/lib/gcc/arm-linux-gnueabihf/5
Found candidate GCC installation: /usr/lib/gcc/arm-linux-gnueabihf/5.5.0
Found candidate GCC installation: /usr/lib/gcc/arm-linux-gnueabihf/6
Found candidate GCC installation: /usr/lib/gcc/arm-linux-gnueabihf/6.5.0
Found candidate GCC installation: /usr/lib/gcc/arm-linux-gnueabihf/7
Found candidate GCC installation: /usr/lib/gcc/arm-linux-gnueabihf/7.3.0
Found candidate GCC installation: /usr/lib/gcc/arm-linux-gnueabihf/8
Selected GCC installation: /usr/bin/../lib/gcc/arm-linux-gnueabihf/8
Candidate multilib: .;@m32
Selected multilib: .;@m32
 "/usr/bin/ld" -X --hash-style=both --build-id --eh-frame-hdr -m armelf_linux_eabi -dynamic-linker /lib/ld-linux-armhf.so.3 -o cmTC_5c196 /usr/bin/../lib/gcc/arm-linux-gnueabihf/8/../../../arm-linux-gnueabihf/crt1.o /usr/bin/../lib/gcc/arm-linux-gnueabihf/8/../../../arm-linux-gnueabihf/crti.o /usr/bin/../lib/gcc/arm-linux-gnueabihf/8/crtbegin.o -L/usr/bin/../lib/gcc/arm-linux-gnueabihf/8 -L/usr/bin/../lib/gcc/arm-linux-gnueabihf/8/../../../arm-linux-gnueabihf -L/usr/bin/../lib/gcc/arm-linux-gnueabihf/8/../../../../lib -L/usr/lib/llvm-7/bin/../lib -L/lib/arm-linux-gnueabihf -L/lib/../lib -L/usr/lib/arm-linux-gnueabihf -L/usr/lib/../lib -L/usr/lib/arm-linux-gnueabihf/../../lib -L/usr/bin/../lib/gcc/arm-linux-gnueabihf/8/../../.. -L/usr/lib/llvm-7/bin/../lib -L/lib -L/usr/lib CMakeFiles/cmTC_5c196.dir/CMakeCCompilerABI.c.o -lgcc --as-needed -lgcc_s --no-as-needed -lc -lgcc --as-needed -lgcc_s --no-as-needed /usr/bin/../lib/gcc/arm-linux-gnueabihf/8/crtend.o /usr/bin/../lib/gcc/arm-linux-gnueabihf/8/../../../arm-linux-gnueabihf/crtn.o
make[1]: Leaving directory '/home/pi/Chaotic/cpp/CMakeFiles/CMakeTmp'


Parsed C implicit link information from above output:
  link line regex: [^( *|.*[/\])(ld|CMAKE_LINK_STARTFILE-NOTFOUND|([^/\]+-)?ld|collect2)[^/\]*( |$)]
  ignore line: [Change Dir: /home/pi/Chaotic/cpp/CMakeFiles/CMakeTmp]
  ignore line: []
  ignore line: [Run Build Command:"/usr/bin/make" "cmTC_5c196/fast"]
  ignore line: [/usr/bin/make -f CMakeFiles/cmTC_5c196.dir/build.make CMakeFiles/cmTC_5c196.dir/build]
  ignore line: [make[1]: Entering directory '/home/pi/Chaotic/cpp/CMakeFiles/CMakeTmp']
  ignore line: [Building C object CMakeFiles/cmTC_5c196.dir/CMakeCCompilerABI.c.o]
  ignore line: [/usr/bin/clang    -o CMakeFiles/cmTC_5c196.dir/CMakeCCompilerABI.c.o   -c /usr/share/cmake-3.13/Modules/CMakeCCompilerABI.c]
  ignore line: [Linking C executable cmTC_5c196]
  ignore line: [/usr/bin/cmake -E cmake_link_script CMakeFiles/cmTC_5c196.dir/link.txt --verbose=1]
  ignore line: [/usr/bin/clang     -v CMakeFiles/cmTC_5c196.dir/CMakeCCompilerABI.c.o  -o cmTC_5c196 ]
  ignore line: [clang version 7.0.1-8+rpi3 (tags/RELEASE_701/final)]
  ignore line: [Target: armv6k-unknown-linux-gnueabihf]
  ignore line: [Thread model: posix]
  ignore line: [InstalledDir: /usr/bin]
  ignore line: [Found candidate GCC installation: /usr/bin/../lib/gcc/arm-linux-gnueabihf/4.9]
  ignore line: [Found candidate GCC installation: /usr/bin/../lib/gcc/arm-linux-gnueabihf/4.9.4]
  ignore line: [Found candidate GCC installation: /usr/bin/../lib/gcc/arm-linux-gnueabihf/5]
  ignore line: [Found candidate GCC installation: /usr/bin/../lib/gcc/arm-linux-gnueabihf/5.5.0]
  ignore line: [Found candidate GCC installation: /usr/bin/../lib/gcc/arm-linux-gnueabihf/6]
  ignore line: [Found candidate GCC installation: /usr/bin/../lib/gcc/arm-linux-gnueabihf/6.5.0]
  ignore line: [Found candidate GCC installation: /usr/bin/../lib/gcc/arm-linux-gnueabihf/7]
  ignore line: [Found candidate GCC installation: /usr/bin/../lib/gcc/arm-linux-gnueabihf/7.3.0]
  ignore line: [Found candidate GCC installation: /usr/bin/../lib/gcc/arm-linux-gnueabihf/8]
  ignore line: [Found candidate GCC installation: /usr/lib/gcc/arm-linux-gnueabihf/4.9]
  ignore line: [Found candidate GCC installation: /usr/lib/gcc/arm-linux-gnueabihf/4.9.4]
  ignore line: [Found candidate GCC installation: /usr/lib/gcc/arm-linux-gnueabihf/5]
  ignore line: [Found candidate GCC installation: /usr/lib/gcc/arm-linux-gnueabihf/5.5.0]
  ignore line: [Found candidate GCC installation: /usr/lib/gcc/arm-linux-gnueabihf/6]
  ignore line: [Found candidate GCC installation: /usr/lib/gcc/arm-linux-gnueabihf/6.5.0]
  ignore line: [Found candidate GCC installation: /usr/lib/gcc/arm-linux-gnueabihf/7]
  ignore line: [Found candidate GCC installation: /usr/lib/gcc/arm-linux-gnueabihf/7.3.0]
  ignore line: [Found candidate GCC installation: /usr/lib/gcc/arm-linux-gnueabihf/8]
  ignore line: [Selected GCC installation: /usr/bin/../lib/gcc/arm-linux-gnueabihf/8]
  ignore line: [Candidate multilib: .]
  ignore line: [@m32]
  ignore line: [Selected multilib: .]
  ignore line: [@m32]
  link line: [ "/usr/bin/ld" -X --hash-style=both --build-id --eh-frame-hdr -m armelf_linux_eabi -dynamic-linker /lib/ld-linux-armhf.so.3 -o cmTC_5c196 /usr/bin/../lib/gcc/arm-linux-gnueabihf/8/../../../arm-linux-gnueabihf/crt1.o /usr/bin/../lib/gcc/arm-linux-gnueabihf/8/../../../arm-linux-gnueabihf/crti.o /usr/bin/../lib/gcc/arm-linux-gnueabihf/8/crtbegin.o -L/usr/bin/../lib/gcc/arm-linux-gnueabihf/8 -L/usr/bin/../lib/gcc/arm-linux-gnueabihf/8/../../../arm-linux-gnueabihf -L/usr/bin/../lib/gcc/arm-linux-gnueabihf/8/../../../../lib -L/usr/lib/llvm-7/bin/../lib -L/lib/arm-linux-gnueabihf -L/lib/../lib -L/usr/lib/arm-linux-gnueabihf -L/usr/lib/../lib -L/usr/lib/arm-linux-gnueabihf/../../lib -L/usr/bin/../lib/gcc/arm-linux-gnueabihf/8/../../.. -L/usr/lib/llvm-7/bin/../lib -L/lib -L/usr/lib CMakeFiles/cmTC_5c196.dir/CMakeCCompilerABI.c.o -lgcc --as-needed -lgcc_s --no-as-needed -lc -lgcc --as-needed -lgcc_s --no-as-needed /usr/bin/../lib/gcc/arm-linux-gnueabihf/8/crtend.o /usr/bin/../lib/gcc/arm-linux-gnueabihf/8/../../../arm-linux-gnueabihf/crtn.o]
    arg [/usr/bin/ld] ==> ignore
    arg [-X] ==> ignore
    arg [--hash-style=both] ==> ignore
    arg [--build-id] ==> ignore
    arg [--eh-frame-hdr] ==> ignore
    arg [-m] ==> ignore
    arg [armelf_linux_eabi] ==> ignore
    arg [-dynamic-linker] ==> ignore
    arg [/lib/ld-linux-armhf.so.3] ==> ignore
    arg [-o] ==> ignore
    arg [cmTC_5c196] ==> ignore
    arg [/usr/bin/../lib/gcc/arm-linux-gnueabihf/8/../../../arm-linux-gnueabihf/crt1.o] ==> ignore
    arg [/usr/bin/../lib/gcc/arm-linux-gnueabihf/8/../../../arm-linux-gnueabihf/crti.o] ==> ignore
    arg [/usr/bin/../lib/gcc/arm-linux-gnueabihf/8/crtbegin.o] ==> ignore
    arg [-L/usr/bin/../lib/gcc/arm-linux-gnueabihf/8] ==> dir [/usr/bin/../lib/gcc/arm-linux-gnueabihf/8]
    arg [-L/usr/bin/../lib/gcc/arm-linux-gnueabihf/8/../../../arm-linux-gnueabihf] ==> dir [/usr/bin/../lib/gcc/arm-linux-gnueabihf/8/../../../arm-linux-gnueabihf]
    arg [-L/usr/bin/../lib/gcc/arm-linux-gnueabihf/8/../../../../lib] ==> dir [/usr/bin/../lib/gcc/arm-linux-gnueabihf/8/../../../../lib]
    arg [-L/usr/lib/llvm-7/bin/../lib] ==> dir [/usr/lib/llvm-7/bin/../lib]
    arg [-L/lib/arm-linux-gnueabihf] ==> dir [/lib/arm-linux-gnueabihf]
    arg [-L/lib/../lib] ==> dir [/lib/../lib]
    arg [-L/usr/lib/arm-linux-gnueabihf] ==> dir [/usr/lib/arm-linux-gnueabihf]
    arg [-L/usr/lib/../lib] ==> dir [/usr/lib/../lib]
    arg [-L/usr/lib/arm-linux-gnueabihf/../../lib] ==> dir [/usr/lib/arm-linux-gnueabihf/../../lib]
    arg [-L/usr/bin/../lib/gcc/arm-linux-gnueabihf/8/../../..] ==> dir [/usr/bin/../lib/gcc/arm-linux-gnueabihf/8/../../..]
    arg [-L/usr/lib/llvm-7/bin/../lib] ==> dir [/usr/lib/llvm-7/bin/../lib]
    arg [-L/lib] ==> dir [/lib]
    arg [-L/usr/lib] ==> dir [/usr/lib]
    arg [CMakeFiles/cmTC_5c196.dir/CMakeCCompilerABI.c.o] ==> ignore
    arg [-lgcc] ==> lib [gcc]
    arg [--as-needed] ==> ignore
    arg [-lgcc_s] ==> lib [gcc_s]
    arg [--no-as-needed] ==> ignore
    arg [-lc] ==> lib [c]
    arg [-lgcc] ==> lib [gcc]
    arg [--as-needed] ==> ignore
    arg [-lgcc_s] ==> lib [gcc_s]
    arg [--no-as-needed] ==> ignore
    arg [/usr/bin/../lib/gcc/arm-linux-gnueabihf/8/crtend.o] ==> ignore
    arg [/usr/bin/../lib/gcc/arm-linux-gnueabihf/8/../../../arm-linux-gnueabihf/crtn.o] ==> ignore
  collapse library dir [/usr/bin/../lib/gcc/arm-linux-gnueabihf/8] ==> [/usr/lib/gcc/arm-linux-gnueabihf/8]
  collapse library dir [/usr/bin/../lib/gcc/arm-linux-gnueabihf/8/../../../arm-linux-gnueabihf] ==> [/usr/lib/arm-linux-gnueabihf]
  collapse library dir [/usr/bin/../lib/gcc/arm-linux-gnueabihf/8/../../../../lib] ==> [/usr/lib]
  collapse library dir [/usr/lib/llvm-7/bin/../lib] ==> [/usr/lib/llvm-7/lib]
  collapse library dir [/lib/arm-linux-gnueabihf] ==> [/lib/arm-linux-gnueabihf]
  collapse library dir [/lib/../lib] ==> [/lib]
  collapse library dir [/usr/lib/arm-linux-gnueabihf] ==> [/usr/lib/arm-linux-gnueabihf]
  collapse library dir [/usr/lib/../lib] ==> [/usr/lib]
  collapse library dir [/usr/lib/arm-linux-gnueabihf/../../lib] ==> [/usr/lib]
  collapse library dir [/usr/bin/../lib/gcc/arm-linux-gnueabihf/8/../../..] ==> [/usr/lib]
  collapse library dir [/usr/lib/llvm-7/bin/../lib] ==> [/usr/lib/llvm-7/lib]
  collapse library dir [/lib] ==> [/lib]
  collapse library dir [/usr/lib] ==> [/usr/lib]
  implicit libs: [gcc;gcc_s;c;gcc;gcc_s]
  implicit dirs: [/usr/lib/gcc/arm-linux-gnueabihf/8;/usr/lib/arm-linux-gnueabihf;/usr/lib;/usr/lib/llvm-7/lib;/lib/arm-linux-gnueabihf;/lib]
  implicit fwks: []




Detecting C [-std=c11] compiler features compiled with the following output:
Change Dir: /home/pi/Chaotic/cpp/CMakeFiles/CMakeTmp

Run Build Command:"/usr/bin/make" "cmTC_5ee19/fast"
/usr/bin/make -f CMakeFiles/cmTC_5ee19.dir/build.make CMakeFiles/cmTC_5ee19.dir/build
make[1]: Entering directory '/home/pi/Chaotic/cpp/CMakeFiles/CMakeTmp'
Building C object CMakeFiles/cmTC_5ee19.dir/feature_tests.c.o
/usr/bin/clang   -std=c11 -o CMakeFiles/cmTC_5ee19.dir/feature_tests.c.o   -c /home/pi/Chaotic/cpp/CMakeFiles/feature_tests.c
Linking C executable cmTC_5ee19
/usr/bin/cmake -E cmake_link_script CMakeFiles/cmTC_5ee19.dir/link.txt --verbose=1
/usr/bin/clang      CMakeFiles/cmTC_5ee19.dir/feature_tests.c.o  -o cmTC_5ee19 
make[1]: Leaving directory '/home/pi/Chaotic/cpp/CMakeFiles/CMakeTmp'


    Feature record: C_FEATURE:1c_function_prototypes
    Feature record: C_FEATURE:1c_restrict
    Feature record: C_FEATURE:1c_static_assert
    Feature record: C_FEATURE:1c_variadic_macros


Detecting C [-std=c99] compiler features compiled with the following output:
Change Dir: /home/pi/Chaotic/cpp/CMakeFiles/CMakeTmp

Run Build Command:"/usr/bin/make" "cmTC_7146d/fast"
/usr/bin/make -f CMakeFiles/cmTC_7146d.dir/build.make CMakeFiles/cmTC_7146d.dir/build
make[1]: Entering directory '/home/pi/Chaotic/cpp/CMakeFiles/CMakeTmp'
Building C object CMakeFiles/cmTC_7146d.dir/feature_tests.c.o
/usr/bin/clang   -std=c99 -o CMakeFiles/cmTC_7146d.dir/feature_tests.c.o   -c /home/pi/Chaotic/cpp/CMakeFiles/feature_tests.c
Linking C executable cmTC_7146d
/usr/bin/cmake -E cmake_link_script CMakeFiles/cmTC_7146d.dir/link.txt --verbose=1
/usr/bin/clang      CMakeFiles/cmTC_7146d.dir/feature_tests.c.o  -o cmTC_7146d 
make[1]: Leaving directory '/home/pi/Chaotic/cpp/CMakeFiles/CMakeTmp'


    Feature record: C_FEATURE:1c_function_prototypes
    Feature record: C_FEATURE:1c_restrict
    Feature record: C_FEATURE:0c_static_assert
    Feature record: C_FEATURE:1c_variadic_macros


Detecting C [-std=c90] compiler features compiled with the following output:
Change Dir: /home/pi/Chaotic/cpp/CMakeFiles/CMakeTmp

Run Build Command:"/usr/bin/make" "cmTC_0ecf8/fast"
/usr/bin/make -f CMakeFiles/cmTC_0ecf8.dir/build.make CMakeFiles/cmTC_0ecf8.dir/build
make[1]: Entering directory '/home/pi/Chaotic/cpp/CMakeFiles/CMakeTmp'
Building C object CMakeFiles/cmTC_0ecf8.dir/feature_tests.c.o
/usr/bin/clang   -std=c90 -o CMakeFiles/cmTC_0ecf8.dir/feature_tests.c.o   -c /home/pi/Chaotic/cpp/CMakeFiles/feature_tests.c
Linking C executable cmTC_0ecf8
/usr/bin/cmake -E cmake_link_script CMakeFiles/cmTC_0ecf8.dir/link.txt --verbose=1
/usr/bin/clang      CMakeFiles/cmTC_0ecf8.dir/feature_tests.c.o  -o cmTC_0ecf8 
make[1]: Leaving directory '/home/pi/Chaotic/cpp/CMakeFiles/CMakeTmp'


    Feature record: C_FEATURE:1c_function_prototypes
    Feature record: C_FEATURE:0c_restrict
    Feature record: C_FEATURE:0c_static_assert
    Feature record: C_FEATURE:0c_variadic_macros
Determining if the CXX compiler works passed with the following output:
Change Dir: /home/pi/Chaotic/cpp/CMakeFiles/CMakeTmp

Run Build Command:"/usr/bin/make" "cmTC_67a80/fast"
/usr/bin/make -f CMakeFiles/cmTC_67a80.dir/build.make CMakeFiles/cmTC_67a80.dir/build
make[1]: Entering directory '/home/pi/Chaotic/cpp/CMakeFiles/CMakeTmp'
Building CXX object CMakeFiles/cmTC_67a80.dir/testCXXCompiler.cxx.o
/usr/bin/c++     -o CMakeFiles/cmTC_67a80.dir/testCXXCompiler.cxx.o -c /home/pi/Chaotic/cpp/CMakeFiles/CMakeTmp/testCXXCompiler.cxx
Linking CXX executable cmTC_67a80
/usr/bin/cmake -E cmake_link_script CMakeFiles/cmTC_67a80.dir/link.txt --verbose=1
/usr/bin/c++       CMakeFiles/cmTC_67a80.dir/testCXXCompiler.cxx.o  -o cmTC_67a80 
make[1]: Leaving directory '/home/pi/Chaotic/cpp/CMakeFiles/CMakeTmp'


Detecting CXX compiler ABI info compiled with the following output:
Change Dir: /home/pi/Chaotic/cpp/CMakeFiles/CMakeTmp

Run Build Command:"/usr/bin/make" "cmTC_2b5a8/fast"
/usr/bin/make -f CMakeFiles/cmTC_2b5a8.dir/build.make CMakeFiles/cmTC_2b5a8.dir/build
make[1]: Entering directory '/home/pi/Chaotic/cpp/CMakeFiles/CMakeTmp'
Building CXX object CMakeFiles/cmTC_2b5a8.dir/CMakeCXXCompilerABI.cpp.o
/usr/bin/c++     -o CMakeFiles/cmTC_2b5a8.dir/CMakeCXXCompilerABI.cpp.o -c /usr/share/cmake-3.13/Modules/CMakeCXXCompilerABI.cpp
Linking CXX executable cmTC_2b5a8
/usr/bin/cmake -E cmake_link_script CMakeFiles/cmTC_2b5a8.dir/link.txt --verbose=1
/usr/bin/c++      -v CMakeFiles/cmTC_2b5a8.dir/CMakeCXXCompilerABI.cpp.o  -o cmTC_2b5a8 
Using built-in specs.
COLLECT_GCC=/usr/bin/c++
COLLECT_LTO_WRAPPER=/usr/lib/gcc/arm-linux-gnueabihf/8/lto-wrapper
Target: arm-linux-gnueabihf
Configured with: ../src/configure -v --with-pkgversion='Raspbian 8.3.0-6+rpi1' --with-bugurl=file:///usr/share/doc/gcc-8/README.Bugs --enable-languages=c,ada,c++,go,d,fortran,objc,obj-c++ --prefix=/usr --with-gcc-major-version-only --program-suffix=-8 --program-prefix=arm-linux-gnueabihf- --enable-shared --enable-linker-build-id --libexecdir=/usr/lib --without-included-gettext --enable-threads=posix --libdir=/usr/lib --enable-nls --enable-bootstrap --enable-clocale=gnu --enable-libstdcxx-debug --enable-libstdcxx-time=yes --with-default-libstdcxx-abi=new --enable-gnu-unique-object --disable-libitm --disable-libquadmath --disable-libquadmath-support --enable-plugin --with-system-zlib --with-target-system-zlib --enable-objc-gc=auto --enable-multiarch --disable-sjlj-exceptions --with-arch=armv6 --with-fpu=vfp --with-float=hard --disable-werror --enable-checking=release --build=arm-linux-gnueabihf --host=arm-linux-gnueabihf --target=arm-linux-gnueabihf
Thread model: posix
gcc version 8.3.0 (Raspbian 8.3.0-6+rpi1) 
COMPILER_PATH=/usr/lib/gcc/arm-linux-gnueabihf/8/:/usr/lib/gcc/arm-linux-gnueabihf/8/:/usr/lib/gcc/arm-linux-gnueabihf/:/usr/lib/gcc/arm-linux-gnueabihf/8/:/usr/lib/gcc/arm-linux-gnueabihf/
LIBRARY_PATH=/usr/lib/gcc/arm-linux-gnueabihf/8/:/usr/lib/gcc/arm-linux-gnueabihf/8/../../../arm-linux-gnueabihf/:/usr/lib/gcc/arm-linux-gnueabihf/8/../../../:/lib/arm-linux-gnueabihf/:/lib/:/usr/lib/arm-linux-gnueabihf/:/usr/lib/
COLLECT_GCC_OPTIONS='-v' '-o' 'cmTC_2b5a8' '-shared-libgcc'  '-mfloat-abi=hard' '-mfpu=vfp' '-mtls-dialect=gnu' '-marm' '-march=armv6+fp'
 /usr/lib/gcc/arm-linux-gnueabihf/8/collect2 -plugin /usr/lib/gcc/arm-linux-gnueabihf/8/liblto_plugin.so -plugin-opt=/usr/lib/gcc/arm-linux-gnueabihf/8/lto-wrapper -plugin-opt=-fresolution=/tmp/ccXqoOuG.res -plugin-opt=-pass-through=-lgcc_s -plugin-opt=-pass-through=-lgcc -plugin-opt=-pass-through=-lc -plugin-opt=-pass-through=-lgcc_s -plugin-opt=-pass-through=-lgcc --build-id --eh-frame-hdr -dynamic-linker /lib/ld-linux-armhf.so.3 -X --hash-style=gnu -m armelf_linux_eabi -o cmTC_2b5a8 /usr/lib/gcc/arm-linux-gnueabihf/8/../../../arm-linux-gnueabihf/crt1.o /usr/lib/gcc/arm-linux-gnueabihf/8/../../../arm-linux-gnueabihf/crti.o /usr/lib/gcc/arm-linux-gnueabihf/8/crtbegin.o -L/usr/lib/gcc/arm-linux-gnueabihf/8 -L/usr/lib/gcc/arm-linux-gnueabihf/8/../../../arm-linux-gnueabihf -L/usr/lib/gcc/arm-linux-gnueabihf/8/../../.. -L/lib/arm-linux-gnueabihf -L/usr/lib/arm-linux-gnueabihf CMakeFiles/cmTC_2b5a8.dir/CMakeCXXCompilerABI.cpp.o -lstdc++ -lm -lgcc_s -lgcc -lc -lgcc_s -lgcc /usr/lib/gcc/arm-linux-gnueabihf/8/crtend.o /usr/lib/gcc/arm-linux-gnueabihf/8/../../../arm-linux-gnueabihf/crtn.o
COLLECT_GCC_OPTIONS='-v' '-o' 'cmTC_2b5a8' '-shared-libgcc'  '-mfloat-abi=hard' '-mfpu=vfp' '-mtls-dialect=gnu' '-marm' '-march=armv6+fp'
make[1]: Leaving directory '/home/pi/Chaotic/cpp/CMakeFiles/CMakeTmp'


Parsed CXX implicit link information from above output:
  link line regex: [^( *|.*[/\])(ld|CMAKE_LINK_STARTFILE-NOTFOUND|([^/\]+-)?ld|collect2)[^/\]*( |$)]
  ignore line: [Change Dir: /home/pi/Chaotic/cpp/CMakeFiles/CMakeTmp]
  ignore line: []
  ignore line: [Run Build Command:"/usr/bin/make" "cmTC_2b5a8/fast"]
  ignore line: [/usr/bin/make -f CMakeFiles/cmTC_2b5a8.dir/build.make CMakeFiles/cmTC_2b5a8.dir/build]
  ignore line: [make[1]: Entering directory '/home/pi/Chaotic/cpp/CMakeFiles/CMakeTmp']
  ignore line: [Building CXX object CMakeFiles/cmTC_2b5a8.dir/CMakeCXXCompilerABI.cpp.o]
  ignore line: [/usr/bin/c++     -o CMakeFiles/cmTC_2b5a8.dir/CMakeCXXCompilerABI.cpp.o -c /usr/share/cmake-3.13/Modules/CMakeCXXCompilerABI.cpp]
  ignore line: [Linking CXX executable cmTC_2b5a8]
  ignore line: [/usr/bin/cmake -E cmake_link_script CMakeFiles/cmTC_2b5a8.dir/link.txt --verbose=1]
  ignore line: [/usr/bin/c++      -v CMakeFiles/cmTC_2b5a8.dir/CMakeCXXCompilerABI.cpp.o  -o cmTC_2b5a8 ]
  ignore line: [Using built-in specs.]
  ignore line: [COLLECT_GCC=/usr/bin/c++]
  ignore line: [COLLECT_LTO_WRAPPER=/usr/lib/gcc/arm-linux-gnueabihf/8/lto-wrapper]
  ignore line: [Target: arm-linux-gnueabihf]
  ignore line: [Configured with: ../src/configure -v --with-pkgversion='Raspbian 8.3.0-6+rpi1' --with-bugurl=file:///usr/share/doc/gcc-8/README.Bugs --enable-languages=c,ada,c++,go,d,fortran,objc,obj-c++ --prefix=/usr --with-gcc-major-version-only --program-suffix=-8 --program-prefix=arm-linux-gnueabihf- --enable-shared --enable-linker-build-id --libexecdir=/usr/lib --without-included-gettext --enable-threads=posix --libdir=/usr/lib --enable-nls --enable-bootstrap --enable-clocale=gnu --enable-libstdcxx-debug --enable-libstdcxx-time=yes --with-default-libstdcxx-abi=new --enable-gnu-unique-object --disable-libitm --disable-libquadmath --disable-libquadmath-support --enable-plugin --with-system-zlib --with-target-system-zlib --enable-objc-gc=auto --enable-multiarch --disable-sjlj-exceptions --with-arch=armv6 --with-fpu=vfp --with-float=hard --disable-werror --enable-checking=release --build=arm-linux-gnueabihf --host=arm-linux-gnueabihf --target=arm-linux-gnueabihf]
  ignore line: [Thread model: posix]
  ignore line: [gcc version 8.3.0 (Raspbian 8.3.0-6+rpi1) ]
  ignore line: [COMPILER_PATH=/usr/lib/gcc/arm-linux-gnueabihf/8/:/usr/lib/gcc/arm-linux-gnueabihf/8/:/usr/lib/gcc/arm-linux-gnueabihf/:/usr/lib/gcc/arm-linux-gnueabihf/8/:/usr/lib/gcc/arm-linux-gnueabihf/]
  ignore line: [LIBRARY_PATH=/usr/lib/gcc/arm-linux-gnueabihf/8/:/usr/lib/gcc/arm-linux-gnueabihf/8/../../../arm-linux-gnueabihf/:/usr/lib/gcc/arm-linux-gnueabihf/8/../../../:/lib/arm-linux-gnueabihf/:/lib/:/usr/lib/arm-linux-gnueabihf/:/usr/lib/]
  ignore line: [COLLECT_GCC_OPTIONS='-v' '-o' 'cmTC_2b5a8' '-shared-libgcc'  '-mfloat-abi=hard' '-mfpu=vfp' '-mtls-dialect=gnu' '-marm' '-march=armv6+fp']
  link line: [ /usr/lib/gcc/arm-linux-gnueabihf/8/collect2 -plugin /usr/lib/gcc/arm-linux-gnueabihf/8/liblto_plugin.so -plugin-opt=/usr/lib/gcc/arm-linux-gnueabihf/8/lto-wrapper -plugin-opt=-fresolution=/tmp/ccXqoOuG.res -plugin-opt=-pass-through=-lgcc_s -plugin-opt=-pass-through=-lgcc -plugin-opt=-pass-through=-lc -plugin-opt=-pass-through=-lgcc_s -plugin-opt=-pass-through=-lgcc --build-id --eh-frame-hdr -dynamic-linker /lib/ld-linux-armhf.so.3 -X --hash-style=gnu -m armelf_linux_eabi -o cmTC_2b5a8 /usr/lib/gcc/arm-linux-gnueabihf/8/../../../arm-linux-gnueabihf/crt1.o /usr/lib/gcc/arm-linux-gnueabihf/8/../../../arm-linux-gnueabihf/crti.o /usr/lib/gcc/arm-linux-gnueabihf/8/crtbegin.o -L/usr/lib/gcc/arm-linux-gnueabihf/8 -L/usr/lib/gcc/arm-linux-gnueabihf/8/../../../arm-linux-gnueabihf -L/usr/lib/gcc/arm-linux-gnueabihf/8/../../.. -L/lib/arm-linux-gnueabihf -L/usr/lib/arm-linux-gnueabihf CMakeFiles/cmTC_2b5a8.dir/CMakeCXXCompilerABI.cpp.o -lstdc++ -lm -lgcc_s -lgcc -lc -lgcc_s -lgcc /usr/lib/gcc/arm-linux-gnueabihf/8/crtend.o /usr/lib/gcc/arm-linux-gnueabihf/8/../../../arm-linux-gnueabihf/crtn.o]
    arg [/usr/lib/gcc/arm-linux-gnueabihf/8/collect2] ==> ignore
    arg [-plugin] ==> ignore
    arg [/usr/lib/gcc/arm-linux-gnueabihf/8/liblto_plugin.so] ==> ignore
    arg [-plugin-opt=/usr/lib/gcc/arm-linux-gnueabihf/8/lto-wrapper] ==> ignore
    arg [-plugin-opt=-fresolution=/tmp/ccXqoOuG.res] ==> ignore
    arg [-plugin-opt=-pass-through=-lgcc_s] ==> ignore
    arg [-plugin-opt=-pass-through=-lgcc] ==> ignore
    arg [-plugin-opt=-pass-through=-lc] ==> ignore
    arg [-plugin-opt=-pass-through=-lgcc_s] ==> ignore
    arg [-plugin-opt=-pass-through=-lgcc] ==> ignore
    arg [--build-id] ==> ignore
    arg [--eh-frame-hdr] ==> ignore
    arg [-dynamic-linker] ==> ignore
    arg [/lib/ld-linux-armhf.so.3] ==> ignore
    arg [-X] ==> ignore
    arg [--hash-style=gnu] ==> ignore
    arg [-m] ==> ignore
    arg [armelf_linux_eabi] ==> ignore
    arg [-o] ==> ignore
    arg [cmTC_2b5a8] ==> ignore
    arg [/usr/lib/gcc/arm-linux-gnueabihf/8/../../../arm-linux-gnueabihf/crt1.o] ==> ignore
    arg [/usr/lib/gcc/arm-linux-gnueabihf/8/../../../arm-linux-gnueabihf/crti.o] ==> ignore
    arg [/usr/lib/gcc/arm-linux-gnueabihf/8/crtbegin.o] ==> ignore
    arg [-L/usr/lib/gcc/arm-linux-gnueabihf/8] ==> dir [/usr/lib/gcc/arm-linux-gnueabihf/8]
    arg [-L/usr/lib/gcc/arm-linux-gnueabihf/8/../../../arm-linux-gnueabihf] ==> dir [/usr/lib/gcc/arm-linux-gnueabihf/8/../../../arm-linux-gnueabihf]
    arg [-L/usr/lib/gcc/arm-linux-gnueabihf/8/../../..] ==> dir [/usr/lib/gcc/arm-linux-gnueabihf/8/../../..]
    arg [-L/lib/arm-linux-gnueabihf] ==> dir [/lib/arm-linux-gnueabihf]
    arg [-L/usr/lib/arm-linux-gnueabihf] ==> dir [/usr/lib/arm-linux-gnueabihf]
    arg [CMakeFiles/cmTC_2b5a8.dir/CMakeCXXCompilerABI.cpp.o] ==> ignore
    arg [-lstdc++] ==> lib [stdc++]
    arg [-lm] ==> lib [m]
    arg [-lgcc_s] ==> lib [gcc_s]
    arg [-lgcc] ==> lib [gcc]
    arg [-lc] ==> lib [c]
    arg [-lgcc_s] ==> lib [gcc_s]
    arg [-lgcc] ==> lib [gcc]
    arg [/usr/lib/gcc/arm-linux-gnueabihf/8/crtend.o] ==> ignore
    arg [/usr/lib/gcc/arm-linux-gnueabihf/8/../../../arm-linux-gnueabihf/crtn.o] ==> ignore
  collapse library dir [/usr/lib/gcc/arm-linux-gnueabihf/8] ==> [/usr/lib/gcc/arm-linux-gnueabihf/8]
  collapse library dir [/usr/lib/gcc/arm-linux-gnueabihf/8/../../../arm-linux-gnueabihf] ==> [/usr/lib/arm-linux-gnueabihf]
  collapse library dir [/usr/lib/gcc/arm-linux-gnueabihf/8/../../..] ==> [/usr/lib]
  collapse library dir [/lib/arm-linux-gnueabihf] ==> [/lib/arm-linux-gnueabihf]
  collapse library dir [/usr/lib/arm-linux-gnueabihf] ==> [/usr/lib/arm-linux-gnueabihf]
  implicit libs: [stdc++;m;gcc_s;gcc;c;gcc_s;gcc]
  implicit dirs: [/usr/lib/gcc/arm-linux-gnueabihf/8;/usr/lib/arm-linux-gnueabihf;/usr/lib;/lib/arm-linux-gnueabihf]
  implicit fwks: []




Detecting CXX [-std=c++2a] compiler features compiled with the following output:
Change Dir: /home/pi/Chaotic/cpp/CMakeFiles/CMakeTmp

Run Build Command:"/usr/bin/make" "cmTC_e5930/fast"
/usr/bin/make -f CMakeFiles/cmTC_e5930.dir/build.make CMakeFiles/cmTC_e5930.dir/build
make[1]: Entering directory '/home/pi/Chaotic/cpp/CMakeFiles/CMakeTmp'
Building CXX object CMakeFiles/cmTC_e5930.dir/feature_tests.cxx.o
/usr/bin/c++    -std=c++2a -o CMakeFiles/cmTC_e5930.dir/feature_tests.cxx.o -c /home/pi/Chaotic/cpp/CMakeFiles/feature_tests.cxx
Linking CXX executable cmTC_e5930
/usr/bin/cmake -E cmake_link_script CMakeFiles/cmTC_e5930.dir/link.txt --verbose=1
/usr/bin/c++       CMakeFiles/cmTC_e5930.dir/feature_tests.cxx.o  -o cmTC_e5930 
make[1]: Leaving directory '/home/pi/Chaotic/cpp/CMakeFiles/CMakeTmp'


    Feature record: CXX_FEATURE:1cxx_aggregate_default_initializers
    Feature record: CXX_FEATURE:1cxx_alias_templates
    Feature record: CXX_FEATURE:1cxx_alignas
    Feature record: CXX_FEATURE:1cxx_alignof
    Feature record: CXX_FEATURE:1cxx_attributes
    Feature record: CXX_FEATURE:1cxx_attribute_deprecated
    Feature record: CXX_FEATURE:1cxx_auto_type
    Feature record: CXX_FEATURE:1cxx_binary_literals
    Feature record: CXX_FEATURE:1cxx_constexpr
    Feature record: CXX_FEATURE:1cxx_contextual_conversions
    Feature record: CXX_FEATURE:1cxx_decltype
    Feature record: CXX_FEATURE:1cxx_decltype_auto
    Feature record: CXX_FEATURE:1cxx_decltype_incomplete_return_types
    Feature record: CXX_FEATURE:1cxx_default_function_template_args
    Feature record: CXX_FEATURE:1cxx_defaulted_functions
    Feature record: CXX_FEATURE:1cxx_defaulted_move_initializers
    Feature record: CXX_FEATURE:1cxx_delegating_constructors
    Feature record: CXX_FEATURE:1cxx_deleted_functions
    Feature record: CXX_FEATURE:1cxx_digit_separators
    Feature record: CXX_FEATURE:1cxx_enum_forward_declarations
    Feature record: CXX_FEATURE:1cxx_explicit_conversions
    Feature record: CXX_FEATURE:1cxx_extended_friend_declarations
    Feature record: CXX_FEATURE:1cxx_extern_templates
    Feature record: CXX_FEATURE:1cxx_final
    Feature record: CXX_FEATURE:1cxx_func_identifier
    Feature record: CXX_FEATURE:1cxx_generalized_initializers
    Feature record: CXX_FEATURE:1cxx_generic_lambdas
    Feature record: CXX_FEATURE:1cxx_inheriting_constructors
    Feature record: CXX_FEATURE:1cxx_inline_namespaces
    Feature record: CXX_FEATURE:1cxx_lambdas
    Feature record: CXX_FEATURE:1cxx_lambda_init_captures
    Feature record: CXX_FEATURE:1cxx_local_type_template_args
    Feature record: CXX_FEATURE:1cxx_long_long_type
    Feature record: CXX_FEATURE:1cxx_noexcept
    Feature record: CXX_FEATURE:1cxx_nonstatic_member_init
    Feature record: CXX_FEATURE:1cxx_nullptr
    Feature record: CXX_FEATURE:1cxx_override
    Feature record: CXX_FEATURE:1cxx_range_for
    Feature record: CXX_FEATURE:1cxx_raw_string_literals
    Feature record: CXX_FEATURE:1cxx_reference_qualified_functions
    Feature record: CXX_FEATURE:1cxx_relaxed_constexpr
    Feature record: CXX_FEATURE:1cxx_return_type_deduction
    Feature record: CXX_FEATURE:1cxx_right_angle_brackets
    Feature record: CXX_FEATURE:1cxx_rvalue_references
    Feature record: CXX_FEATURE:1cxx_sizeof_member
    Feature record: CXX_FEATURE:1cxx_static_assert
    Feature record: CXX_FEATURE:1cxx_strong_enums
    Feature record: CXX_FEATURE:1cxx_template_template_parameters
    Feature record: CXX_FEATURE:1cxx_thread_local
    Feature record: CXX_FEATURE:1cxx_trailing_return_types
    Feature record: CXX_FEATURE:1cxx_unicode_literals
    Feature record: CXX_FEATURE:1cxx_uniform_initialization
    Feature record: CXX_FEATURE:1cxx_unrestricted_unions
    Feature record: CXX_FEATURE:1cxx_user_literals
    Feature record: CXX_FEATURE:1cxx_variable_templates
    Feature record: CXX_FEATURE:1cxx_variadic_macros
    Feature record: CXX_FEATURE:1cxx_variadic_templates


Detecting CXX [-std=c++17] compiler features compiled with the following output:
Change Dir: /home/pi/Chaotic/cpp/CMakeFiles/CMakeTmp

Run Build Command:"/usr/bin/make" "cmTC_0f52d/fast"
/usr/bin/make -f CMakeFiles/cmTC_0f52d.dir/build.make CMakeFiles/cmTC_0f52d.dir/build
make[1]: Entering directory '/home/pi/Chaotic/cpp/CMakeFiles/CMakeTmp'
Building CXX object CMakeFiles/cmTC_0f52d.dir/feature_tests.cxx.o
/usr/bin/c++    -std=c++17 -o CMakeFiles/cmTC_0f52d.dir/feature_tests.cxx.o -c /home/pi/Chaotic/cpp/CMakeFiles/feature_tests.cxx
Linking CXX executable cmTC_0f52d
/usr/bin/cmake -E cmake_link_script CMakeFiles/cmTC_0f52d.dir/link.txt --verbose=1
/usr/bin/c++       CMakeFiles/cmTC_0f52d.dir/feature_tests.cxx.o  -o cmTC_0f52d 
make[1]: Leaving directory '/home/pi/Chaotic/cpp/CMakeFiles/CMakeTmp'


    Feature record: CXX_FEATURE:1cxx_aggregate_default_initializers
    Feature record: CXX_FEATURE:1cxx_alias_templates
    Feature record: CXX_FEATURE:1cxx_alignas
    Feature record: CXX_FEATURE:1cxx_alignof
    Feature record: CXX_FEATURE:1cxx_attributes
    Feature record: CXX_FEATURE:1cxx_attribute_deprecated
    Feature record: CXX_FEATURE:1cxx_auto_type
    Feature record: CXX_FEATURE:1cxx_binary_literals
    Feature record: CXX_FEATURE:1cxx_constexpr
    Feature record: CXX_FEATURE:1cxx_contextual_conversions
    Feature record: CXX_FEATURE:1cxx_decltype
    Feature record: CXX_FEATURE:1cxx_decltype_auto
    Feature record: CXX_FEATURE:1cxx_decltype_incomplete_return_types
    Feature record: CXX_FEATURE:1cxx_default_function_template_args
    Feature record: CXX_FEATURE:1cxx_defaulted_functions
    Feature record: CXX_FEATURE:1cxx_defaulted_move_initializers
    Feature record: CXX_FEATURE:1cxx_delegating_constructors
    Feature record: CXX_FEATURE:1cxx_deleted_functions
    Feature record: CXX_FEATURE:1cxx_digit_separators
    Feature record: CXX_FEATURE:1cxx_enum_forward_declarations
    Feature record: CXX_FEATURE:1cxx_explicit_conversions
    Feature record: CXX_FEATURE:1cxx_extended_friend_declarations
    Feature record: CXX_FEATURE:1cxx_extern_templates
    Feature record: CXX_FEATURE:1cxx_final
    Feature record: CXX_FEATURE:1cxx_func_identifier
    Feature record: CXX_FEATURE:1cxx_generalized_initializers
    Feature record: CXX_FEATURE:1cxx_generic_lambdas
    Feature record: CXX_FEATURE:1cxx_inheriting_constructors
    Feature record: CXX_FEATURE:1cxx_inline_namespaces
    Feature record: CXX_FEATURE:1cxx_lambdas
    Feature record: CXX_FEATURE:1cxx_lambda_init_captures
    Feature record: CXX_FEATURE:1cxx_local_type_template_args
    Feature record: CXX_FEATURE:1cxx_long_long_type
    Feature record: CXX_FEATURE:1cxx_noexcept
    Feature record: CXX_FEATURE:1cxx_nonstatic_member_init
    Feature record: CXX_FEATURE:1cxx_nullptr
    Feature record: CXX_FEATURE:1cxx_override
    Feature record: CXX_FEATURE:1cxx_range_for
    Feature record: CXX_FEATURE:1cxx_raw_string_literals
    Feature record: CXX_FEATURE:1cxx_reference_qualified_functions
    Feature record: CXX_FEATURE:1cxx_relaxed_constexpr
    Feature record: CXX_FEATURE:1cxx_return_type_deduction
    Feature record: CXX_FEATURE:1cxx_right_angle_brackets
    Feature record: CXX_FEATURE:1cxx_rvalue_references
    Feature record: CXX_FEATURE:1cxx_sizeof_member
    Feature record: CXX_FEATURE:1cxx_static_assert
    Feature record: CXX_FEATURE:1cxx_strong_enums
    Feature record: CXX_FEATURE:1cxx_template_template_parameters
    Feature record: CXX_FEATURE:1cxx_thread_local
    Feature record: CXX_FEATURE:1cxx_trailing_return_types
    Feature record: CXX_FEATURE:1cxx_unicode_literals
    Feature record: CXX_FEATURE:1cxx_uniform_initialization
    Feature record: CXX_FEATURE:1cxx_unrestricted_unions
    Feature record: CXX_FEATURE:1cxx_user_literals
    Feature record: CXX_FEATURE:1cxx_variable_templates
    Feature record: CXX_FEATURE:1cxx_variadic_macros
    Feature record: CXX_FEATURE:1cxx_variadic_templates


Detecting CXX [-std=c++14] compiler features compiled with the following output:
Change Dir: /home/pi/Chaotic/cpp/CMakeFiles/CMakeTmp

Run Build Command:"/usr/bin/make" "cmTC_3a010/fast"
/usr/bin/make -f CMakeFiles/cmTC_3a010.dir/build.make CMakeFiles/cmTC_3a010.dir/build
make[1]: Entering directory '/home/pi/Chaotic/cpp/CMakeFiles/CMakeTmp'
Building CXX object CMakeFiles/cmTC_3a010.dir/feature_tests.cxx.o
/usr/bin/c++    -std=c++14 -o CMakeFiles/cmTC_3a010.dir/feature_tests.cxx.o -c /home/pi/Chaotic/cpp/CMakeFiles/feature_tests.cxx
Linking CXX executable cmTC_3a010
/usr/bin/cmake -E cmake_link_script CMakeFiles/cmTC_3a010.dir/link.txt --verbose=1
/usr/bin/c++       CMakeFiles/cmTC_3a010.dir/feature_tests.cxx.o  -o cmTC_3a010 
make[1]: Leaving directory '/home/pi/Chaotic/cpp/CMakeFiles/CMakeTmp'


    Feature record: CXX_FEATURE:1cxx_aggregate_default_initializers
    Feature record: CXX_FEATURE:1cxx_alias_templates
    Feature record: CXX_FEATURE:1cxx_alignas
    Feature record: CXX_FEATURE:1cxx_alignof
    Feature record: CXX_FEATURE:1cxx_attributes
    Feature record: CXX_FEATURE:1cxx_attribute_deprecated
    Feature record: CXX_FEATURE:1cxx_auto_type
    Feature record: CXX_FEATURE:1cxx_binary_literals
    Feature record: CXX_FEATURE:1cxx_constexpr
    Feature record: CXX_FEATURE:1cxx_contextual_conversions
    Feature record: CXX_FEATURE:1cxx_decltype
    Feature record: CXX_FEATURE:1cxx_decltype_auto
    Feature record: CXX_FEATURE:1cxx_decltype_incomplete_return_types
    Feature record: CXX_FEATURE:1cxx_default_function_template_args
    Feature record: CXX_FEATURE:1cxx_defaulted_functions
    Feature record: CXX_FEATURE:1cxx_defaulted_move_initializers
    Feature record: CXX_FEATURE:1cxx_delegating_constructors
    Feature record: CXX_FEATURE:1cxx_deleted_functions
    Feature record: CXX_FEATURE:1cxx_digit_separators
    Feature record: CXX_FEATURE:1cxx_enum_forward_declarations
    Feature record: CXX_FEATURE:1cxx_explicit_conversions
    Feature record: CXX_FEATURE:1cxx_extended_friend_declarations
    Feature record: CXX_FEATURE:1cxx_extern_templates
    Feature record: CXX_FEATURE:1cxx_final
    Feature record: CXX_FEATURE:1cxx_func_identifier
    Feature record: CXX_FEATURE:1cxx_generalized_initializers
    Feature record: CXX_FEATURE:1cxx_generic_lambdas
    Feature record: CXX_FEATURE:1cxx_inheriting_constructors
    Feature record: CXX_FEATURE:1cxx_inline_namespaces
    Feature record: CXX_FEATURE:1cxx_lambdas
    Feature record: CXX_FEATURE:1cxx_lambda_init_captures
    Feature record: CXX_FEATURE:1cxx_local_type_template_args
    Feature record: CXX_FEATURE:1cxx_long_long_type
    Feature record: CXX_FEATURE:1cxx_noexcept
    Feature record: CXX_FEATURE:1cxx_nonstatic_member_init
    Feature record: CXX_FEATURE:1cxx_nullptr
    Feature record: CXX_FEATURE:1cxx_override
    Feature record: CXX_FEATURE:1cxx_range_for
    Feature record: CXX_FEATURE:1cxx_raw_string_literals
    Feature record: CXX_FEATURE:1cxx_reference_qualified_functions
    Feature record: CXX_FEATURE:1cxx_relaxed_constexpr
    Feature record: CXX_FEATURE:1cxx_return_type_deduction
    Feature record: CXX_FEATURE:1cxx_right_angle_brackets
    Feature record: CXX_FEATURE:1cxx_rvalue_references
    Feature record: CXX_FEATURE:1cxx_sizeof_member
    Feature record: CXX_FEATURE:1cxx_static_assert
    Feature record: CXX_FEATURE:1cxx_strong_enums
    Feature record: CXX_FEATURE:1cxx_template_template_parameters
    Feature record: CXX_FEATURE:1cxx_thread_local
    Feature record: CXX_FEATURE:1cxx_trailing_return_types
    Feature record: CXX_FEATURE:1cxx_unicode_literals
    Feature record: CXX_FEATURE:1cxx_uniform_initialization
    Feature record: CXX_FEATURE:1cxx_unrestricted_unions
    Feature record: CXX_FEATURE:1cxx_user_literals
    Feature record: CXX_FEATURE:1cxx_variable_templates
    Feature record: CXX_FEATURE:1cxx_variadic_macros
    Feature record: CXX_FEATURE:1cxx_variadic_templates


Detecting CXX [-std=c++11] compiler features compiled with the following output:
Change Dir: /home/pi/Chaotic/cpp/CMakeFiles/CMakeTmp

Run Build Command:"/usr/bin/make" "cmTC_f77f6/fast"
/usr/bin/make -f CMakeFiles/cmTC_f77f6.dir/build.make CMakeFiles/cmTC_f77f6.dir/build
make[1]: Entering directory '/home/pi/Chaotic/cpp/CMakeFiles/CMakeTmp'
Building CXX object CMakeFiles/cmTC_f77f6.dir/feature_tests.cxx.o
/usr/bin/c++    -std=c++11 -o CMakeFiles/cmTC_f77f6.dir/feature_tests.cxx.o -c /home/pi/Chaotic/cpp/CMakeFiles/feature_tests.cxx
Linking CXX executable cmTC_f77f6
/usr/bin/cmake -E cmake_link_script CMakeFiles/cmTC_f77f6.dir/link.txt --verbose=1
/usr/bin/c++       CMakeFiles/cmTC_f77f6.dir/feature_tests.cxx.o  -o cmTC_f77f6 
make[1]: Leaving directory '/home/pi/Chaotic/cpp/CMakeFiles/CMakeTmp'


    Feature record: CXX_FEATURE:0cxx_aggregate_default_initializers
    Feature record: CXX_FEATURE:1cxx_alias_templates
    Feature record: CXX_FEATURE:1cxx_alignas
    Feature record: CXX_FEATURE:1cxx_alignof
    Feature record: CXX_FEATURE:1cxx_attributes
    Feature record: CXX_FEATURE:0cxx_attribute_deprecated
    Feature record: CXX_FEATURE:1cxx_auto_type
    Feature record: CXX_FEATURE:0cxx_binary_literals
    Feature record: CXX_FEATURE:1cxx_constexpr
    Feature record: CXX_FEATURE:0cxx_contextual_conversions
    Feature record: CXX_FEATURE:1cxx_decltype
    Feature record: CXX_FEATURE:0cxx_decltype_auto
    Feature record: CXX_FEATURE:1cxx_decltype_incomplete_return_types
    Feature record: CXX_FEATURE:1cxx_default_function_template_args
    Feature record: CXX_FEATURE:1cxx_defaulted_functions
    Feature record: CXX_FEATURE:1cxx_defaulted_move_initializers
    Feature record: CXX_FEATURE:1cxx_delegating_constructors
    Feature record: CXX_FEATURE:1cxx_deleted_functions
    Feature record: CXX_FEATURE:0cxx_digit_separators
    Feature record: CXX_FEATURE:1cxx_enum_forward_declarations
    Feature record: CXX_FEATURE:1cxx_explicit_conversions
    Feature record: CXX_FEATURE:1cxx_extended_friend_declarations
    Feature record: CXX_FEATURE:1cxx_extern_templates
    Feature record: CXX_FEATURE:1cxx_final
    Feature record: CXX_FEATURE:1cxx_func_identifier
    Feature record: CXX_FEATURE:1cxx_generalized_initializers
    Feature record: CXX_FEATURE:0cxx_generic_lambdas
    Feature record: CXX_FEATURE:1cxx_inheriting_constructors
    Feature record: CXX_FEATURE:1cxx_inline_namespaces
    Feature record: CXX_FEATURE:1cxx_lambdas
    Feature record: CXX_FEATURE:0cxx_lambda_init_captures
    Feature record: CXX_FEATURE:1cxx_local_type_template_args
    Feature record: CXX_FEATURE:1cxx_long_long_type
    Feature record: CXX_FEATURE:1cxx_noexcept
    Feature record: CXX_FEATURE:1cxx_nonstatic_member_init
    Feature record: CXX_FEATURE:1cxx_nullptr
    Feature record: CXX_FEATURE:1cxx_override
    Feature record: CXX_FEATURE:1cxx_range_for
    Feature record: CXX_FEATURE:1cxx_raw_string_literals
    Feature record: CXX_FEATURE:1cxx_reference_qualified_functions
    Feature record: CXX_FEATURE:0cxx_relaxed_constexpr
    Feature record: CXX_FEATURE:0cxx_return_type_deduction
    Feature record: CXX_FEATURE:1cxx_right_angle_brackets
    Feature record: CXX_FEATURE:1cxx_rvalue_references
    Feature record: CXX_FEATURE:1cxx_sizeof_member
    Feature record: CXX_FEATURE:1cxx_static_assert
    Feature record: CXX_FEATURE:1cxx_strong_enums
    Feature record: CXX_FEATURE:1cxx_template_template_parameters
    Feature record: CXX_FEATURE:1cxx_thread_local
    Feature record: CXX_FEATURE:1cxx_trailing_return_types
    Feature record: CXX_FEATURE:1cxx_unicode_literals
    Feature record: CXX_FEATURE:1cxx_uniform_initialization
    Feature record: CXX_FEATURE:1cxx_unrestricted_unions
    Feature record: CXX_FEATURE:1cxx_user_literals
    Feature record: CXX_FEATURE:0cxx_variable_templates
    Feature record: CXX_FEATURE:1cxx_variadic_macros
    Feature record: CXX_FEATURE:1cxx_variadic_templates


Detecting CXX [-std=c++98] compiler features compiled with the following output:
Change Dir: /home/pi/Chaotic/cpp/CMakeFiles/CMakeTmp

Run Build Command:"/usr/bin/make" "cmTC_efed6/fast"
/usr/bin/make -f CMakeFiles/cmTC_efed6.dir/build.make CMakeFiles/cmTC_efed6.dir/build
make[1]: Entering directory '/home/pi/Chaotic/cpp/CMakeFiles/CMakeTmp'
Building CXX object CMakeFiles/cmTC_efed6.dir/feature_tests.cxx.o
/usr/bin/c++    -std=c++98 -o CMakeFiles/cmTC_efed6.dir/feature_tests.cxx.o -c /home/pi/Chaotic/cpp/CMakeFiles/feature_tests.cxx
Linking CXX executable cmTC_efed6
/usr/bin/cmake -E cmake_link_script CMakeFiles/cmTC_efed6.dir/link.txt --verbose=1
/usr/bin/c++       CMakeFiles/cmTC_efed6.dir/feature_tests.cxx.o  -o cmTC_efed6 
make[1]: Leaving directory '/home/pi/Chaotic/cpp/CMakeFiles/CMakeTmp'


    Feature record: CXX_FEATURE:0cxx_aggregate_default_initializers
    Feature record: CXX_FEATURE:0cxx_alias_templates
    Feature record: CXX_FEATURE:0cxx_alignas
    Feature record: CXX_FEATURE:0cxx_alignof
    Feature record: CXX_FEATURE:0cxx_attributes
    Feature record: CXX_FEATURE:0cxx_attribute_deprecated
    Feature record: CXX_FEATURE:0cxx_auto_type
    Feature record: CXX_FEATURE:0cxx_binary_literals
    Feature record: CXX_FEATURE:0cxx_constexpr
    Feature record: CXX_FEATURE:0cxx_contextual_conversions
    Feature record: CXX_FEATURE:0cxx_decltype
    Feature record: CXX_FEATURE:0cxx_decltype_auto
    Feature record: CXX_FEATURE:0cxx_decltype_incomplete_return_types
    Feature record: CXX_FEATURE:0cxx_default_function_template_args
    Feature record: CXX_FEATURE:0cxx_defaulted_functions
    Feature record: CXX_FEATURE:0cxx_defaulted_move_initializers
    Feature record: CXX_FEATURE:0cxx_delegating_constructors
    Feature record: CXX_FEATURE:0cxx_deleted_functions
    Feature record: CXX_FEATURE:0cxx_digit_separators
    Feature record: CXX_FEATURE:0cxx_enum_forward_declarations
    Feature record: CXX_FEATURE:0cxx_explicit_conversions
    Feature record: CXX_FEATURE:0cxx_extended_friend_declarations
    Feature record: CXX_FEATURE:0cxx_extern_templates
    Feature record: CXX_FEATURE:0cxx_final
    Feature record: CXX_FEATURE:0cxx_func_identifier
    Feature record: CXX_FEATURE:0cxx_generalized_initializers
    Feature record: CXX_FEATURE:0cxx_generic_lambdas
    Feature record: CXX_FEATURE:0cxx_inheriting_constructors
    Feature record: CXX_FEATURE:0cxx_inline_namespaces
    Feature record: CXX_FEATURE:0cxx_lambdas
    Feature record: CXX_FEATURE:0cxx_lambda_init_captures
    Feature record: CXX_FEATURE:0cxx_local_type_template_args
    Feature record: CXX_FEATURE:0cxx_long_long_type
    Feature record: CXX_FEATURE:0cxx_noexcept
    Feature record: CXX_FEATURE:0cxx_nonstatic_member_init
    Feature record: CXX_FEATURE:0cxx_nullptr
    Feature record: CXX_FEATURE:0cxx_override
    Feature record: CXX_FEATURE:0cxx_range_for
    Feature record: CXX_FEATURE:0cxx_raw_string_literals
    Feature record: CXX_FEATURE:0cxx_reference_qualified_functions
    Feature record: CXX_FEATURE:0cxx_relaxed_constexpr
    Feature record: CXX_FEATURE:0cxx_return_type_deduction
    Feature record: CXX_FEATURE:0cxx_right_angle_brackets
    Feature record: CXX_FEATURE:0cxx_rvalue_references
    Feature record: CXX_FEATURE:0cxx_sizeof_member
    Feature record: CXX_FEATURE:0cxx_static_assert
    Feature record: CXX_FEATURE:0cxx_strong_enums
    Feature record: CXX_FEATURE:1cxx_template_template_parameters
    Feature record: CXX_FEATURE:0cxx_thread_local
    Feature record: CXX_FEATURE:0cxx_trailing_return_types
    Feature record: CXX_FEATURE:0cxx_unicode_literals
    Feature record: CXX_FEATURE:0cxx_uniform_initialization
    Feature record: CXX_FEATURE:0cxx_unrestricted_unions
    Feature record: CXX_FEATURE:0cxx_user_literals
    Feature record: CXX_FEATURE:0cxx_variable_templates
    Feature record: CXX_FEATURE:0cxx_variadic_macros
    Feature record: CXX_FEATURE:0cxx_variadic_templates
Performing C SOURCE FILE Test HAVE_SOCKADDR_IN6_SIN6_ADDR succeeded with the following output:
Change Dir: /home/pi/Chaotic/cpp/CMakeFiles/CMakeTmp

Run Build Command:"/usr/bin/make" "cmTC_1258d/fast"
/usr/bin/make -f CMakeFiles/cmTC_1258d.dir/build.make CMakeFiles/cmTC_1258d.dir/build
make[1]: Entering directory '/home/pi/Chaotic/cpp/CMakeFiles/CMakeTmp'
Building C object CMakeFiles/cmTC_1258d.dir/src.c.o
/usr/bin/clang   -DHAVE_SOCKADDR_IN6_SIN6_ADDR   -o CMakeFiles/cmTC_1258d.dir/src.c.o   -c /home/pi/Chaotic/cpp/CMakeFiles/CMakeTmp/src.c
Linking C executable cmTC_1258d
/usr/bin/cmake -E cmake_link_script CMakeFiles/cmTC_1258d.dir/link.txt --verbose=1
/usr/bin/clang  -DHAVE_SOCKADDR_IN6_SIN6_ADDR    -rdynamic CMakeFiles/cmTC_1258d.dir/src.c.o  -o cmTC_1258d 
make[1]: Leaving directory '/home/pi/Chaotic/cpp/CMakeFiles/CMakeTmp'

Source file was:

#include <netinet/in.h>

int main()
{
   (void)sizeof(((struct sockaddr_in6 *)0)->sin6_addr);
   return 0;
}

Performing C SOURCE FILE Test HAVE_SOCKADDR_IN6_SIN6_SCOPE_ID succeeded with the following output:
Change Dir: /home/pi/Chaotic/cpp/CMakeFiles/CMakeTmp

Run Build Command:"/usr/bin/make" "cmTC_077ee/fast"
/usr/bin/make -f CMakeFiles/cmTC_077ee.dir/build.make CMakeFiles/cmTC_077ee.dir/build
make[1]: Entering directory '/home/pi/Chaotic/cpp/CMakeFiles/CMakeTmp'
Building C object CMakeFiles/cmTC_077ee.dir/src.c.o
/usr/bin/clang   -DHAVE_SOCKADDR_IN6_SIN6_SCOPE_ID   -o CMakeFiles/cmTC_077ee.dir/src.c.o   -c /home/pi/Chaotic/cpp/CMakeFiles/CMakeTmp/src.c
Linking C executable cmTC_077ee
/usr/bin/cmake -E cmake_link_script CMakeFiles/cmTC_077ee.dir/link.txt --verbose=1
/usr/bin/clang  -DHAVE_SOCKADDR_IN6_SIN6_SCOPE_ID    -rdynamic CMakeFiles/cmTC_077ee.dir/src.c.o  -o cmTC_077ee 
make[1]: Leaving directory '/home/pi/Chaotic/cpp/CMakeFiles/CMakeTmp'

Source file was:

#include <netinet/in.h>

int main()
{
   (void)sizeof(((struct sockaddr_in6 *)0)->sin6_scope_id);
   return 0;
}

Determining if the include file pthread.h exists passed with the following output:
Change Dir: /home/pi/Chaotic/cpp/CMakeFiles/CMakeTmp

Run Build Command:"/usr/bin/make" "cmTC_5d2eb/fast"
/usr/bin/make -f CMakeFiles/cmTC_5d2eb.dir/build.make CMakeFiles/cmTC_5d2eb.dir/build
make[1]: Entering directory '/home/pi/Chaotic/cpp/CMakeFiles/CMakeTmp'
Building C object CMakeFiles/cmTC_5d2eb.dir/CheckIncludeFile.c.o
/usr/bin/clang    -o CMakeFiles/cmTC_5d2eb.dir/CheckIncludeFile.c.o   -c /home/pi/Chaotic/cpp/CMakeFiles/CMakeTmp/CheckIncludeFile.c
Linking C executable cmTC_5d2eb
/usr/bin/cmake -E cmake_link_script CMakeFiles/cmTC_5d2eb.dir/link.txt --verbose=1
/usr/bin/clang       -rdynamic CMakeFiles/cmTC_5d2eb.dir/CheckIncludeFile.c.o  -o cmTC_5d2eb 
make[1]: Leaving directory '/home/pi/Chaotic/cpp/CMakeFiles/CMakeTmp'


Determining if the function pthread_create exists in the pthread passed with the following output:
Change Dir: /home/pi/Chaotic/cpp/CMakeFiles/CMakeTmp

Run Build Command:"/usr/bin/make" "cmTC_6131e/fast"
/usr/bin/make -f CMakeFiles/cmTC_6131e.dir/build.make CMakeFiles/cmTC_6131e.dir/build
make[1]: Entering directory '/home/pi/Chaotic/cpp/CMakeFiles/CMakeTmp'
Building C object CMakeFiles/cmTC_6131e.dir/CheckFunctionExists.c.o
/usr/bin/clang   -DCHECK_FUNCTION_EXISTS=pthread_create   -o CMakeFiles/cmTC_6131e.dir/CheckFunctionExists.c.o   -c /usr/share/cmake-3.13/Modules/CheckFunctionExists.c
Linking C executable cmTC_6131e
/usr/bin/cmake -E cmake_link_script CMakeFiles/cmTC_6131e.dir/link.txt --verbose=1
/usr/bin/clang   -DCHECK_FUNCTION_EXISTS=pthread_create    -rdynamic CMakeFiles/cmTC_6131e.dir/CheckFunctionExists.c.o  -o cmTC_6131e -lpthread 
make[1]: Leaving directory '/home/pi/Chaotic/cpp/CMakeFiles/CMakeTmp'


Determining if the function dlopen exists in the dl;-lpthread passed with the following output:
Change Dir: /home/pi/Chaotic/cpp/CMakeFiles/CMakeTmp

Run Build Command:"/usr/bin/make" "cmTC_326ce/fast"
/usr/bin/make -f CMakeFiles/cmTC_326ce.dir/build.make CMakeFiles/cmTC_326ce.dir/build
make[1]: Entering directory '/home/pi/Chaotic/cpp/CMakeFiles/CMakeTmp'
Building C object CMakeFiles/cmTC_326ce.dir/CheckFunctionExists.c.o
/usr/bin/clang   -DCHECK_FUNCTION_EXISTS=dlopen   -o CMakeFiles/cmTC_326ce.dir/CheckFunctionExists.c.o   -c /usr/share/cmake-3.13/Modules/CheckFunctionExists.c
Linking C executable cmTC_326ce
/usr/bin/cmake -E cmake_link_script CMakeFiles/cmTC_326ce.dir/link.txt --verbose=1
/usr/bin/clang   -DCHECK_FUNCTION_EXISTS=dlopen    -rdynamic CMakeFiles/cmTC_326ce.dir/CheckFunctionExists.c.o  -o cmTC_326ce -ldl -lpthread 
make[1]: Leaving directory '/home/pi/Chaotic/cpp/CMakeFiles/CMakeTmp'


Determining if the function gethostbyname exists in the c passed with the following output:
Change Dir: /home/pi/Chaotic/cpp/CMakeFiles/CMakeTmp

Run Build Command:"/usr/bin/make" "cmTC_1c958/fast"
/usr/bin/make -f CMakeFiles/cmTC_1c958.dir/build.make CMakeFiles/cmTC_1c958.dir/build
make[1]: Entering directory '/home/pi/Chaotic/cpp/CMakeFiles/CMakeTmp'
Building C object CMakeFiles/cmTC_1c958.dir/CheckFunctionExists.c.o
/usr/bin/clang   -DCHECK_FUNCTION_EXISTS=gethostbyname   -o CMakeFiles/cmTC_1c958.dir/CheckFunctionExists.c.o   -c /usr/share/cmake-3.13/Modules/CheckFunctionExists.c
Linking C executable cmTC_1c958
/usr/bin/cmake -E cmake_link_script CMakeFiles/cmTC_1c958.dir/link.txt --verbose=1
/usr/bin/clang   -DCHECK_FUNCTION_EXISTS=gethostbyname    -rdynamic CMakeFiles/cmTC_1c958.dir/CheckFunctionExists.c.o  -o cmTC_1c958 -lc 
make[1]: Leaving directory '/home/pi/Chaotic/cpp/CMakeFiles/CMakeTmp'


Determining if the function gethostname exists passed with the following output:
Change Dir: /home/pi/Chaotic/cpp/CMakeFiles/CMakeTmp

Run Build Command:"/usr/bin/make" "cmTC_b4feb/fast"
/usr/bin/make -f CMakeFiles/cmTC_b4feb.dir/build.make CMakeFiles/cmTC_b4feb.dir/build
make[1]: Entering directory '/home/pi/Chaotic/cpp/CMakeFiles/CMakeTmp'
Building C object CMakeFiles/cmTC_b4feb.dir/CheckFunctionExists.c.o
/usr/bin/clang   -DCHECK_FUNCTION_EXISTS=gethostname   -o CMakeFiles/cmTC_b4feb.dir/CheckFunctionExists.c.o   -c /usr/share/cmake-3.13/Modules/CheckFunctionExists.c
Linking C executable cmTC_b4feb
/usr/bin/cmake -E cmake_link_script CMakeFiles/cmTC_b4feb.dir/link.txt --verbose=1
/usr/bin/clang   -DCHECK_FUNCTION_EXISTS=gethostname    -rdynamic CMakeFiles/cmTC_b4feb.dir/CheckFunctionExists.c.o  -o cmTC_b4feb 
make[1]: Leaving directory '/home/pi/Chaotic/cpp/CMakeFiles/CMakeTmp'


Determining if the function dlopen exists in the dl;-lpthread passed with the following output:
Change Dir: /home/pi/Chaotic/cpp/CMakeFiles/CMakeTmp

Run Build Command:"/usr/bin/make" "cmTC_6bcc1/fast"
/usr/bin/make -f CMakeFiles/cmTC_6bcc1.dir/build.make CMakeFiles/cmTC_6bcc1.dir/build
make[1]: Entering directory '/home/pi/Chaotic/cpp/CMakeFiles/CMakeTmp'
Building C object CMakeFiles/cmTC_6bcc1.dir/CheckFunctionExists.c.o
/usr/bin/clang   -DCHECK_FUNCTION_EXISTS=dlopen   -o CMakeFiles/cmTC_6bcc1.dir/CheckFunctionExists.c.o   -c /usr/share/cmake-3.13/Modules/CheckFunctionExists.c
Linking C executable cmTC_6bcc1
/usr/bin/cmake -E cmake_link_script CMakeFiles/cmTC_6bcc1.dir/link.txt --verbose=1
/usr/bin/clang   -DCHECK_FUNCTION_EXISTS=dlopen    -rdynamic CMakeFiles/cmTC_6bcc1.dir/CheckFunctionExists.c.o  -o cmTC_6bcc1 -ldl -lpthread 
make[1]: Leaving directory '/home/pi/Chaotic/cpp/CMakeFiles/CMakeTmp'


Performing C SOURCE FILE Test USE_UNIX_SOCKETS succeeded with the following output:
Change Dir: /home/pi/Chaotic/cpp/CMakeFiles/CMakeTmp

Run Build Command:"/usr/bin/make" "cmTC_1c4ef/fast"
/usr/bin/make -f CMakeFiles/cmTC_1c4ef.dir/build.make CMakeFiles/cmTC_1c4ef.dir/build
make[1]: Entering directory '/home/pi/Chaotic/cpp/CMakeFiles/CMakeTmp'
Building C object CMakeFiles/cmTC_1c4ef.dir/src.c.o
/usr/bin/clang   -DUSE_UNIX_SOCKETS   -o CMakeFiles/cmTC_1c4ef.dir/src.c.o   -c /home/pi/Chaotic/cpp/CMakeFiles/CMakeTmp/src.c
Linking C executable cmTC_1c4ef
/usr/bin/cmake -E cmake_link_script CMakeFiles/cmTC_1c4ef.dir/link.txt --verbose=1
/usr/bin/clang   -DUSE_UNIX_SOCKETS    -rdynamic CMakeFiles/cmTC_1c4ef.dir/src.c.o  -o cmTC_1c4ef 
make[1]: Leaving directory '/home/pi/Chaotic/cpp/CMakeFiles/CMakeTmp'

Source file was:

#include <sys/un.h>

int main()
{
   (void)sizeof(((struct sockaddr_un *)0)->sun_path);
   return 0;
}

