Determining if the pthread_create exist failed with the following output:
Change Dir: /home/pi/Chaotic/cpp/CMakeFiles/CMakeTmp

Run Build Command:"/usr/bin/make" "cmTC_a1ff7/fast"
/usr/bin/make -f CMakeFiles/cmTC_a1ff7.dir/build.make CMakeFiles/cmTC_a1ff7.dir/build
make[1]: Entering directory '/home/pi/Chaotic/cpp/CMakeFiles/CMakeTmp'
Building C object CMakeFiles/cmTC_a1ff7.dir/CheckSymbolExists.c.o
/usr/bin/clang    -o CMakeFiles/cmTC_a1ff7.dir/CheckSymbolExists.c.o   -c /home/pi/Chaotic/cpp/CMakeFiles/CMakeTmp/CheckSymbolExists.c
Linking C executable cmTC_a1ff7
/usr/bin/cmake -E cmake_link_script CMakeFiles/cmTC_a1ff7.dir/link.txt --verbose=1
/usr/bin/clang       -rdynamic CMakeFiles/cmTC_a1ff7.dir/CheckSymbolExists.c.o  -o cmTC_a1ff7 
/usr/bin/ld: CMakeFiles/cmTC_a1ff7.dir/CheckSymbolExists.c.o: in function `main':
CheckSymbolExists.c:(.text+0x3c): undefined reference to `pthread_create'
/usr/bin/ld: CheckSymbolExists.c:(.text+0x44): undefined reference to `pthread_create'
clang: error: linker command failed with exit code 1 (use -v to see invocation)
make[1]: *** [CMakeFiles/cmTC_a1ff7.dir/build.make:87: cmTC_a1ff7] Error 1
make[1]: Leaving directory '/home/pi/Chaotic/cpp/CMakeFiles/CMakeTmp'
make: *** [Makefile:121: cmTC_a1ff7/fast] Error 2

File /home/pi/Chaotic/cpp/CMakeFiles/CMakeTmp/CheckSymbolExists.c:
/* */
#include <pthread.h>

int main(int argc, char** argv)
{
  (void)argv;
#ifndef pthread_create
  return ((int*)(&pthread_create))[argc];
#else
  (void)argc;
  return 0;
#endif
}

Determining if the function pthread_create exists in the pthreads failed with the following output:
Change Dir: /home/pi/Chaotic/cpp/CMakeFiles/CMakeTmp

Run Build Command:"/usr/bin/make" "cmTC_c0830/fast"
/usr/bin/make -f CMakeFiles/cmTC_c0830.dir/build.make CMakeFiles/cmTC_c0830.dir/build
make[1]: Entering directory '/home/pi/Chaotic/cpp/CMakeFiles/CMakeTmp'
Building C object CMakeFiles/cmTC_c0830.dir/CheckFunctionExists.c.o
/usr/bin/clang   -DCHECK_FUNCTION_EXISTS=pthread_create   -o CMakeFiles/cmTC_c0830.dir/CheckFunctionExists.c.o   -c /usr/share/cmake-3.13/Modules/CheckFunctionExists.c
Linking C executable cmTC_c0830
/usr/bin/cmake -E cmake_link_script CMakeFiles/cmTC_c0830.dir/link.txt --verbose=1
/usr/bin/clang   -DCHECK_FUNCTION_EXISTS=pthread_create    -rdynamic CMakeFiles/cmTC_c0830.dir/CheckFunctionExists.c.o  -o cmTC_c0830 -lpthreads 
/usr/bin/ld: cannot find -lpthreads
clang: error: linker command failed with exit code 1 (use -v to see invocation)
make[1]: *** [CMakeFiles/cmTC_c0830.dir/build.make:87: cmTC_c0830] Error 1
make[1]: Leaving directory '/home/pi/Chaotic/cpp/CMakeFiles/CMakeTmp'
make: *** [Makefile:121: cmTC_c0830/fast] Error 2


Determining if the function connect exists in the socket;dl;-lpthread failed with the following output:
Change Dir: /home/pi/Chaotic/cpp/CMakeFiles/CMakeTmp

Run Build Command:"/usr/bin/make" "cmTC_8b174/fast"
/usr/bin/make -f CMakeFiles/cmTC_8b174.dir/build.make CMakeFiles/cmTC_8b174.dir/build
make[1]: Entering directory '/home/pi/Chaotic/cpp/CMakeFiles/CMakeTmp'
Building C object CMakeFiles/cmTC_8b174.dir/CheckFunctionExists.c.o
/usr/bin/clang   -DCHECK_FUNCTION_EXISTS=connect   -o CMakeFiles/cmTC_8b174.dir/CheckFunctionExists.c.o   -c /usr/share/cmake-3.13/Modules/CheckFunctionExists.c
Linking C executable cmTC_8b174
/usr/bin/cmake -E cmake_link_script CMakeFiles/cmTC_8b174.dir/link.txt --verbose=1
/usr/bin/clang   -DCHECK_FUNCTION_EXISTS=connect    -rdynamic CMakeFiles/cmTC_8b174.dir/CheckFunctionExists.c.o  -o cmTC_8b174 -lsocket -ldl -lpthread 
/usr/bin/ld: cannot find -lsocket
clang: error: linker command failed with exit code 1 (use -v to see invocation)
make[1]: *** [CMakeFiles/cmTC_8b174.dir/build.make:87: cmTC_8b174] Error 1
make[1]: Leaving directory '/home/pi/Chaotic/cpp/CMakeFiles/CMakeTmp'
make: *** [Makefile:121: cmTC_8b174/fast] Error 2


Determining if the function ldap_init exists in the ldap;dl;-lpthread failed with the following output:
Change Dir: /home/pi/Chaotic/cpp/CMakeFiles/CMakeTmp

Run Build Command:"/usr/bin/make" "cmTC_3a1b4/fast"
/usr/bin/make -f CMakeFiles/cmTC_3a1b4.dir/build.make CMakeFiles/cmTC_3a1b4.dir/build
make[1]: Entering directory '/home/pi/Chaotic/cpp/CMakeFiles/CMakeTmp'
Building C object CMakeFiles/cmTC_3a1b4.dir/CheckFunctionExists.c.o
/usr/bin/clang   -DCHECK_FUNCTION_EXISTS=ldap_init   -o CMakeFiles/cmTC_3a1b4.dir/CheckFunctionExists.c.o   -c /usr/share/cmake-3.13/Modules/CheckFunctionExists.c
Linking C executable cmTC_3a1b4
/usr/bin/cmake -E cmake_link_script CMakeFiles/cmTC_3a1b4.dir/link.txt --verbose=1
/usr/bin/clang   -DCHECK_FUNCTION_EXISTS=ldap_init    -rdynamic CMakeFiles/cmTC_3a1b4.dir/CheckFunctionExists.c.o  -o cmTC_3a1b4 -lldap -ldl -lpthread 
/usr/bin/ld: cannot find -lldap
clang: error: linker command failed with exit code 1 (use -v to see invocation)
make[1]: *** [CMakeFiles/cmTC_3a1b4.dir/build.make:87: cmTC_3a1b4] Error 1
make[1]: Leaving directory '/home/pi/Chaotic/cpp/CMakeFiles/CMakeTmp'
make: *** [Makefile:121: cmTC_3a1b4/fast] Error 2


Determining if the function ber_init exists in the lber;dl;-lpthread failed with the following output:
Change Dir: /home/pi/Chaotic/cpp/CMakeFiles/CMakeTmp

Run Build Command:"/usr/bin/make" "cmTC_4cc0e/fast"
/usr/bin/make -f CMakeFiles/cmTC_4cc0e.dir/build.make CMakeFiles/cmTC_4cc0e.dir/build
make[1]: Entering directory '/home/pi/Chaotic/cpp/CMakeFiles/CMakeTmp'
Building C object CMakeFiles/cmTC_4cc0e.dir/CheckFunctionExists.c.o
/usr/bin/clang   -DCHECK_FUNCTION_EXISTS=ber_init   -o CMakeFiles/cmTC_4cc0e.dir/CheckFunctionExists.c.o   -c /usr/share/cmake-3.13/Modules/CheckFunctionExists.c
Linking C executable cmTC_4cc0e
/usr/bin/cmake -E cmake_link_script CMakeFiles/cmTC_4cc0e.dir/link.txt --verbose=1
/usr/bin/clang   -DCHECK_FUNCTION_EXISTS=ber_init    -rdynamic CMakeFiles/cmTC_4cc0e.dir/CheckFunctionExists.c.o  -o cmTC_4cc0e -llber -ldl -lpthread 
/usr/bin/ld: cannot find -llber
clang: error: linker command failed with exit code 1 (use -v to see invocation)
make[1]: *** [CMakeFiles/cmTC_4cc0e.dir/build.make:87: cmTC_4cc0e] Error 1
make[1]: Leaving directory '/home/pi/Chaotic/cpp/CMakeFiles/CMakeTmp'
make: *** [Makefile:121: cmTC_4cc0e/fast] Error 2


Determining if files ;ldap.h exist failed with the following output:
Change Dir: /home/pi/Chaotic/cpp/CMakeFiles/CMakeTmp

Run Build Command:"/usr/bin/make" "cmTC_dfadf/fast"
/usr/bin/make -f CMakeFiles/cmTC_dfadf.dir/build.make CMakeFiles/cmTC_dfadf.dir/build
make[1]: Entering directory '/home/pi/Chaotic/cpp/CMakeFiles/CMakeTmp'
Building C object CMakeFiles/cmTC_dfadf.dir/HAVE_LDAP_H.c.o
/usr/bin/clang    -o CMakeFiles/cmTC_dfadf.dir/HAVE_LDAP_H.c.o   -c /home/pi/Chaotic/cpp/CMakeFiles/CheckIncludeFiles/HAVE_LDAP_H.c
/home/pi/Chaotic/cpp/CMakeFiles/CheckIncludeFiles/HAVE_LDAP_H.c:2:10: fatal error: 'ldap.h' file not found
#include <ldap.h>
         ^~~~~~~~
1 error generated.
make[1]: *** [CMakeFiles/cmTC_dfadf.dir/build.make:66: CMakeFiles/cmTC_dfadf.dir/HAVE_LDAP_H.c.o] Error 1
make[1]: Leaving directory '/home/pi/Chaotic/cpp/CMakeFiles/CMakeTmp'
make: *** [Makefile:121: cmTC_dfadf/fast] Error 2

Source:
/* */
#include <ldap.h>


int main(void){return 0;}

Determining if files ;lber.h exist failed with the following output:
Change Dir: /home/pi/Chaotic/cpp/CMakeFiles/CMakeTmp

Run Build Command:"/usr/bin/make" "cmTC_5173a/fast"
/usr/bin/make -f CMakeFiles/cmTC_5173a.dir/build.make CMakeFiles/cmTC_5173a.dir/build
make[1]: Entering directory '/home/pi/Chaotic/cpp/CMakeFiles/CMakeTmp'
Building C object CMakeFiles/cmTC_5173a.dir/HAVE_LBER_H.c.o
/usr/bin/clang    -o CMakeFiles/cmTC_5173a.dir/HAVE_LBER_H.c.o   -c /home/pi/Chaotic/cpp/CMakeFiles/CheckIncludeFiles/HAVE_LBER_H.c
/home/pi/Chaotic/cpp/CMakeFiles/CheckIncludeFiles/HAVE_LBER_H.c:2:10: fatal error: 'lber.h' file not found
#include <lber.h>
         ^~~~~~~~
1 error generated.
make[1]: *** [CMakeFiles/cmTC_5173a.dir/build.make:66: CMakeFiles/cmTC_5173a.dir/HAVE_LBER_H.c.o] Error 1
make[1]: Leaving directory '/home/pi/Chaotic/cpp/CMakeFiles/CMakeTmp'
make: *** [Makefile:121: cmTC_5173a/fast] Error 2

Source:
/* */
#include <lber.h>


int main(void){return 0;}

Determining if the function idn2_lookup_ul exists in the idn2;dl;-lpthread failed with the following output:
Change Dir: /home/pi/Chaotic/cpp/CMakeFiles/CMakeTmp

Run Build Command:"/usr/bin/make" "cmTC_b109e/fast"
/usr/bin/make -f CMakeFiles/cmTC_b109e.dir/build.make CMakeFiles/cmTC_b109e.dir/build
make[1]: Entering directory '/home/pi/Chaotic/cpp/CMakeFiles/CMakeTmp'
Building C object CMakeFiles/cmTC_b109e.dir/CheckFunctionExists.c.o
/usr/bin/clang   -DCHECK_FUNCTION_EXISTS=idn2_lookup_ul   -o CMakeFiles/cmTC_b109e.dir/CheckFunctionExists.c.o   -c /usr/share/cmake-3.13/Modules/CheckFunctionExists.c
Linking C executable cmTC_b109e
/usr/bin/cmake -E cmake_link_script CMakeFiles/cmTC_b109e.dir/link.txt --verbose=1
/usr/bin/clang   -DCHECK_FUNCTION_EXISTS=idn2_lookup_ul    -rdynamic CMakeFiles/cmTC_b109e.dir/CheckFunctionExists.c.o  -o cmTC_b109e -lidn2 -ldl -lpthread 
/usr/bin/ld: cannot find -lidn2
clang: error: linker command failed with exit code 1 (use -v to see invocation)
make[1]: *** [CMakeFiles/cmTC_b109e.dir/build.make:87: cmTC_b109e] Error 1
make[1]: Leaving directory '/home/pi/Chaotic/cpp/CMakeFiles/CMakeTmp'
make: *** [Makefile:121: cmTC_b109e/fast] Error 2


